<?xml version="1.0" encoding="UTF-8"?>
<!-- Generated by org.testng.reporters.JUnitXMLReporter -->
<testsuite ignored="0" hostname="DESKTOP-Q72RD8N" failures="0" tests="4" name="Test" time="50.602" errors="0" timestamp="2020-08-26T12:11:15 IST">
  <testcase classname="ProjectWork_OrangeHRM.Activity1" name="readTitleAndVerifyText" time="0.023"/>
  <testcase classname="ProjectWork_OrangeHRM.Activity2" name="getTheURL" time="0.236"/>
  <testcase classname="ProjectWork_OrangeHRM.Activity3" name="logIn" time="2.072"/>
  <testcase classname="ProjectWork_OrangeHRM.Activity4" name="logIn" time="7.321"/>
</testsuite> <!-- Test -->
