<?xml version="1.0" encoding="UTF-8"?>
<testng-results ignored="0" total="2" passed="2" failed="0" skipped="0">
  <reporter-output>
  </reporter-output>
  <suite started-at="2020-08-26T14:43:38 IST" name="Default suite" finished-at="2020-08-26T14:44:09 IST" duration-ms="30949">
    <groups>
    </groups>
    <test started-at="2020-08-26T14:43:38 IST" name="Default test" finished-at="2020-08-26T14:44:09 IST" duration-ms="30949">
      <class name="ProjectWork_OrangeHRM.Activity6">
        <test-method is-config="true" signature="beforeClass()[pri:0, instance:ProjectWork_OrangeHRM.Activity6@2629d5dc]" started-at="2020-08-26T14:43:38 IST" name="beforeClass" finished-at="2020-08-26T14:44:01 IST" duration-ms="22716" status="PASS">
          <reporter-output>
          </reporter-output>
        </test-method> <!-- beforeClass -->
        <test-method signature="login()[pri:0, instance:ProjectWork_OrangeHRM.Activity6@2629d5dc]" started-at="2020-08-26T14:44:01 IST" name="login" finished-at="2020-08-26T14:44:05 IST" duration-ms="4685" status="PASS">
          <reporter-output>
          </reporter-output>
        </test-method> <!-- login -->
        <test-method signature="directory()[pri:1, instance:ProjectWork_OrangeHRM.Activity6@2629d5dc]" started-at="2020-08-26T14:44:05 IST" name="directory" finished-at="2020-08-26T14:44:09 IST" duration-ms="3297" status="PASS">
          <reporter-output>
          </reporter-output>
        </test-method> <!-- directory -->
        <test-method is-config="true" signature="afterClass()[pri:0, instance:ProjectWork_OrangeHRM.Activity6@2629d5dc]" started-at="2020-08-26T14:44:09 IST" name="afterClass" finished-at="2020-08-26T14:44:09 IST" duration-ms="0" status="PASS">
          <reporter-output>
          </reporter-output>
        </test-method> <!-- afterClass -->
      </class> <!-- ProjectWork_OrangeHRM.Activity6 -->
    </test> <!-- Default test -->
  </suite> <!-- Default suite -->
</testng-results>
